<?xml version="1.0" encoding="UTF-8"?>
<testsuite name="programmers.stackqueue.stackqueue4Test" tests="1" skipped="0" failures="0" errors="0" timestamp="2021-08-25T11:39:39" hostname="DESKTOP-RNBL19C" time="0.04">
  <properties/>
  <testcase name="name()" classname="programmers.stackqueue.stackqueue4Test" time="0.04"/>
  <system-out><![CDATA[]]></system-out>
  <system-err><![CDATA[]]></system-err>
</testsuite>
