<?xml version="1.0" encoding="UTF-8"?>
<testsuite name="TEST" tests="1" skipped="0" failures="0" errors="0" timestamp="2021-07-20T13:02:51" hostname="DESKTOP-RNBL19C" time="0.026">
  <properties/>
  <testcase name="hash4()" classname="TEST" time="0.026"/>
  <system-out><![CDATA[]]></system-out>
  <system-err><![CDATA[]]></system-err>
</testsuite>
