<?xml version="1.0" encoding="UTF-8"?>
<testsuite name="programmers.dfsbfs2Test" tests="1" skipped="0" failures="0" errors="0" timestamp="2021-08-14T13:53:58" hostname="DESKTOP-RNBL19C" time="0.029">
  <properties/>
  <testcase name="name()" classname="programmers.dfsbfs2Test" time="0.029"/>
  <system-out><![CDATA[0 
1 
2 
]]></system-out>
  <system-err><![CDATA[]]></system-err>
</testsuite>
