<?xml version="1.0" encoding="UTF-8"?>
<testsuite name="kakaoblind2021.sharedtaxifareTest" tests="1" skipped="0" failures="0" errors="0" timestamp="2021-08-14T05:15:44" hostname="DESKTOP-RNBL19C" time="0.026">
  <properties/>
  <testcase name="name()" classname="kakaoblind2021.sharedtaxifareTest" time="0.026"/>
  <system-out><![CDATA[]]></system-out>
  <system-err><![CDATA[]]></system-err>
</testsuite>
