<?xml version="1.0" encoding="UTF-8"?>
<testsuite name="programmers.dfsbfs4Test" tests="1" skipped="0" failures="0" errors="0" timestamp="2021-08-19T12:58:36" hostname="DESKTOP-RNBL19C" time="0.036">
  <properties/>
  <testcase name="name()" classname="programmers.dfsbfs4Test" time="0.036"/>
  <system-out><![CDATA[]]></system-out>
  <system-err><![CDATA[]]></system-err>
</testsuite>
