<?xml version="1.0" encoding="UTF-8"?>
<testsuite name="hash1Test" tests="1" skipped="0" failures="0" errors="0" timestamp="2021-07-24T15:49:07" hostname="DESKTOP-RNBL19C" time="0.026">
  <properties/>
  <testcase name="hash1()" classname="hash1Test" time="0.026"/>
  <system-out><![CDATA[]]></system-out>
  <system-err><![CDATA[]]></system-err>
</testsuite>
