<?xml version="1.0" encoding="UTF-8"?>
<testsuite name="array3Test" tests="1" skipped="0" failures="0" errors="0" timestamp="2021-07-29T12:21:08" hostname="DESKTOP-RNBL19C" time="0.051">
  <properties/>
  <testcase name="array3Test()" classname="array3Test" time="0.051"/>
  <system-out><![CDATA[]]></system-out>
  <system-err><![CDATA[]]></system-err>
</testsuite>
